Sudoku2.obj : error LNK2019: símbolo externo "void __cdecl cv::fastFree(void *)" (?fastFree@cv@@YAXPAX@Z) sin resolver al que se hace referencia en la función "public: __thiscall cv::Mat::~Mat(void)" (??1Mat@cv@@QAE@XZ)
Sudoku2.obj : error LNK2019: símbolo externo "private: char * __thiscall cv::String::allocate(unsigned int)" (?allocate@String@cv@@AAEPADI@Z) sin resolver al que se hace referencia en la función "public: __thiscall cv::String::String(class std::basic_string<char,struct std::char_traits<char>,class std::allocator<char> > const &)" (??0String@cv@@QAE@ABV?$basic_string@DU?$char_traits@D@std@@V?$allocator@D@2@@std@@@Z)
Sudoku2.obj : error LNK2019: símbolo externo "private: void __thiscall cv::String::deallocate(void)" (?deallocate@String@cv@@AAEXXZ) sin resolver al que se hace referencia en la función "public: __thiscall cv::String::~String(void)" (??1String@cv@@QAE@XZ)
Sudoku2.obj : error LNK2019: símbolo externo "void __cdecl cv::error(int,class cv::String const &,char const *,char const *,int)" (?error@cv@@YAXHABVString@1@PBD1H@Z) sin resolver al que se hace referencia en la función "public: class cv::MatCommaInitializer_<unsigned char> & __thiscall cv::MatCommaInitializer_<unsigned char>::operator,<int>(int)" (??$?QH@?$MatCommaInitializer_@E@cv@@QAEAAV01@H@Z)
Sudoku2.obj : error LNK2019: símbolo externo "class cv::_InputOutputArray const & __cdecl cv::noArray(void)" (?noArray@cv@@YAABV_InputOutputArray@1@XZ) sin resolver al que se hace referencia en la función _main
Sudoku2.obj : error LNK2019: símbolo externo "public: __thiscall cv::Mat::Mat(class cv::Mat const &,class cv::Rect_<int> const &)" (??0Mat@cv@@QAE@ABV01@ABV?$Rect_@H@1@@Z) sin resolver al que se hace referencia en la función "public: class cv::Mat __thiscall cv::Mat::operator()(class cv::Rect_<int> const &)const " (??RMat@cv@@QBE?AV01@ABV?$Rect_@H@1@@Z)
Sudoku2.obj : error LNK2019: símbolo externo "public: void __thiscall cv::Mat::copyTo(class cv::_OutputArray const &)const " (?copyTo@Mat@cv@@QBEXABV_OutputArray@2@@Z) sin resolver al que se hace referencia en la función "public: class cv::Mat __thiscall cv::Mat::clone(void)const " (?clone@Mat@cv@@QBE?AV12@XZ)
Sudoku2.obj : error LNK2019: símbolo externo "public: void __thiscall cv::Mat::convertTo(class cv::_OutputArray const &,int,double,double)const " (?convertTo@Mat@cv@@QBEXABV_OutputArray@2@HNN@Z) sin resolver al que se hace referencia en la función "public: class cv::Mat_<unsigned char> & __thiscall cv::Mat_<unsigned char>::operator=(class cv::Mat &&)" (??4?$Mat_@E@cv@@QAEAAV01@$$QAVMat@1@@Z)
Sudoku2.obj : error LNK2019: símbolo externo "public: class cv::Mat __thiscall cv::Mat::reshape(int,int)const " (?reshape@Mat@cv@@QBE?AV12@HH@Z) sin resolver al que se hace referencia en la función _main
Sudoku2.obj : error LNK2019: símbolo externo "public: class cv::Mat __thiscall cv::Mat::reshape(int,int,int const *)const " (?reshape@Mat@cv@@QBE?AV12@HHPBH@Z) sin resolver al que se hace referencia en la función "public: class cv::Mat_<unsigned char> & __thiscall cv::Mat_<unsigned char>::operator=(class cv::Mat &&)" (??4?$Mat_@E@cv@@QAEAAV01@$$QAVMat@1@@Z)
Sudoku2.obj : error LNK2019: símbolo externo "public: static class cv::MatExpr __cdecl cv::Mat::zeros(class cv::Size_<int>,int)" (?zeros@Mat@cv@@SA?AVMatExpr@2@V?$Size_@H@2@H@Z) sin resolver al que se hace referencia en la función _main
Sudoku2.obj : error LNK2019: símbolo externo "public: void __thiscall cv::Mat::create(int,int const *,int)" (?create@Mat@cv@@QAEXHPBHH@Z) sin resolver al que se hace referencia en la función "public: void __thiscall cv::Mat::create(int,int,int)" (?create@Mat@cv@@QAEXHHH@Z)
Sudoku2.obj : error LNK2019: símbolo externo "public: void __thiscall cv::Mat::deallocate(void)" (?deallocate@Mat@cv@@QAEXXZ) sin resolver al que se hace referencia en la función "public: void __thiscall cv::Mat::release(void)" (?release@Mat@cv@@QAEXXZ)
Sudoku2.obj : error LNK2019: símbolo externo "public: void __thiscall cv::Mat::copySize(class cv::Mat const &)" (?copySize@Mat@cv@@QAEXABV12@@Z) sin resolver al que se hace referencia en la función "public: __thiscall cv::Mat::Mat(class cv::Mat const &)" (??0Mat@cv@@QAE@ABV01@@Z)
Sudoku2.obj : error LNK2019: símbolo externo "public: void __thiscall cv::MatConstIterator::seek(int,bool)" (?seek@MatConstIterator@cv@@QAEXH_N@Z) sin resolver al que se hace referencia en la función "public: class cv::MatConstIterator & __thiscall cv::MatConstIterator::operator++(void)" (??EMatConstIterator@cv@@QAEAAV01@XZ)
Sudoku2.obj : error LNK2019: símbolo externo "public: void __thiscall cv::MatConstIterator::seek(int const *,bool)" (?seek@MatConstIterator@cv@@QAEXPBH_N@Z) sin resolver al que se hace referencia en la función "public: __thiscall cv::MatConstIterator::MatConstIterator(class cv::Mat const *)" (??0MatConstIterator@cv@@QAE@PBVMat@1@@Z)
Sudoku2.obj : error LNK2019: símbolo externo "int __cdecl cv::countNonZero(class cv::_InputArray const &)" (?countNonZero@cv@@YAHABV_InputArray@1@@Z) sin resolver al que se hace referencia en la función _main
Sudoku2.obj : error LNK2019: símbolo externo "void __cdecl cv::bitwise_not(class cv::_InputArray const &,class cv::_OutputArray const &,class cv::_InputArray const &)" (?bitwise_not@cv@@YAXABV_InputArray@1@ABV_OutputArray@1@0@Z) sin resolver al que se hace referencia en la función _main
Sudoku2.obj : error LNK2019: símbolo externo "void __cdecl cv::GaussianBlur(class cv::_InputArray const &,class cv::_OutputArray const &,class cv::Size_<int>,double,double,int)" (?GaussianBlur@cv@@YAXABV_InputArray@1@ABV_OutputArray@1@V?$Size_@H@1@NNH@Z) sin resolver al que se hace referencia en la función _main
Sudoku2.obj : error LNK2019: símbolo externo "void __cdecl cv::erode(class cv::_InputArray const &,class cv::_OutputArray const &,class cv::_InputArray const &,class cv::Point_<int>,int,int,class cv::Scalar_<double> const &)" (?erode@cv@@YAXABV_InputArray@1@ABV_OutputArray@1@0V?$Point_@H@1@HHABV?$Scalar_@N@1@@Z) sin resolver al que se hace referencia en la función _main
Sudoku2.obj : error LNK2019: símbolo externo "void __cdecl cv::dilate(class cv::_InputArray const &,class cv::_OutputArray const &,class cv::_InputArray const &,class cv::Point_<int>,int,int,class cv::Scalar_<double> const &)" (?dilate@cv@@YAXABV_InputArray@1@ABV_OutputArray@1@0V?$Point_@H@1@HHABV?$Scalar_@N@1@@Z) sin resolver al que se hace referencia en la función _main
Sudoku2.obj : error LNK2019: símbolo externo "void __cdecl cv::resize(class cv::_InputArray const &,class cv::_OutputArray const &,class cv::Size_<int>,double,double,int)" (?resize@cv@@YAXABV_InputArray@1@ABV_OutputArray@1@V?$Size_@H@1@NNH@Z) sin resolver al que se hace referencia en la función _main
Sudoku2.obj : error LNK2019: símbolo externo "void __cdecl cv::warpPerspective(class cv::_InputArray const &,class cv::_OutputArray const &,class cv::_InputArray const &,class cv::Size_<int>,int,int,class cv::Scalar_<double> const &)" (?warpPerspective@cv@@YAXABV_InputArray@1@ABV_OutputArray@1@0V?$Size_@H@1@HHABV?$Scalar_@N@1@@Z) sin resolver al que se hace referencia en la función _main
Sudoku2.obj : error LNK2019: símbolo externo "class cv::Mat __cdecl cv::getPerspectiveTransform(class cv::Point_<float> const * const,class cv::Point_<float> const * const)" (?getPerspectiveTransform@cv@@YA?AVMat@1@QBV?$Point_@M@1@0@Z) sin resolver al que se hace referencia en la función _main
Sudoku2.obj : error LNK2019: símbolo externo "double __cdecl cv::threshold(class cv::_InputArray const &,class cv::_OutputArray const &,double,double,int)" (?threshold@cv@@YANABV_InputArray@1@ABV_OutputArray@1@NNH@Z) sin resolver al que se hace referencia en la función _main
Sudoku2.obj : error LNK2019: símbolo externo "void __cdecl cv::adaptiveThreshold(class cv::_InputArray const &,class cv::_OutputArray const &,double,int,int,int,double)" (?adaptiveThreshold@cv@@YAXABV_InputArray@1@ABV_OutputArray@1@NHHHN@Z) sin resolver al que se hace referencia en la función _main
Sudoku2.obj : error LNK2019: símbolo externo "void __cdecl cv::cvtColor(class cv::_InputArray const &,class cv::_OutputArray const &,int,int)" (?cvtColor@cv@@YAXABV_InputArray@1@ABV_OutputArray@1@HH@Z) sin resolver al que se hace referencia en la función _main
Sudoku2.obj : error LNK2019: símbolo externo "void __cdecl cv::findContours(class cv::_InputOutputArray const &,class cv::_OutputArray const &,class cv::_OutputArray const &,int,int,class cv::Point_<int>)" (?findContours@cv@@YAXABV_InputOutputArray@1@ABV_OutputArray@1@1HHV?$Point_@H@1@@Z) sin resolver al que se hace referencia en la función _main
Sudoku2.obj : error LNK2019: símbolo externo "void __cdecl cv::findContours(class cv::_InputOutputArray const &,class cv::_OutputArray const &,int,int,class cv::Point_<int>)" (?findContours@cv@@YAXABV_InputOutputArray@1@ABV_OutputArray@1@HHV?$Point_@H@1@@Z) sin resolver al que se hace referencia en la función _main
Sudoku2.obj : error LNK2019: símbolo externo "void __cdecl cv::approxPolyDP(class cv::_InputArray const &,class cv::_OutputArray const &,double,bool)" (?approxPolyDP@cv@@YAXABV_InputArray@1@ABV_OutputArray@1@N_N@Z) sin resolver al que se hace referencia en la función _main
Sudoku2.obj : error LNK2019: símbolo externo "double __cdecl cv::arcLength(class cv::_InputArray const &,bool)" (?arcLength@cv@@YANABV_InputArray@1@_N@Z) sin resolver al que se hace referencia en la función _main
Sudoku2.obj : error LNK2019: símbolo externo "class cv::Rect_<int> __cdecl cv::boundingRect(class cv::_InputArray const &)" (?boundingRect@cv@@YA?AV?$Rect_@H@1@ABV_InputArray@1@@Z) sin resolver al que se hace referencia en la función _main
Sudoku2.obj : error LNK2019: símbolo externo "double __cdecl cv::contourArea(class cv::_InputArray const &,bool)" (?contourArea@cv@@YANABV_InputArray@1@_N@Z) sin resolver al que se hace referencia en la función _main
Sudoku2.obj : error LNK2019: símbolo externo "void __cdecl cv::drawContours(class cv::_InputOutputArray const &,class cv::_InputArray const &,int,class cv::Scalar_<double> const &,int,int,class cv::_InputArray const &,int,class cv::Point_<int>)" (?drawContours@cv@@YAXABV_InputOutputArray@1@ABV_InputArray@1@HABV?$Scalar_@N@1@HH1HV?$Point_@H@1@@Z) sin resolver al que se hace referencia en la función _main
Sudoku2.obj : error LNK2019: símbolo externo "class cv::Mat __cdecl cv::imread(class cv::String const &,int)" (?imread@cv@@YA?AVMat@1@ABVString@1@H@Z) sin resolver al que se hace referencia en la función _main
Sudoku2.obj : error LNK2019: símbolo externo "int __cdecl cv::waitKey(int)" (?waitKey@cv@@YAHH@Z) sin resolver al que se hace referencia en la función _main
Sudoku2.obj : error LNK2019: símbolo externo "void __cdecl cv::imshow(class cv::String const &,class cv::_InputArray const &)" (?imshow@cv@@YAXABVString@1@ABV_InputArray@1@@Z) sin resolver al que se hace referencia en la función _main
Sudoku2.obj : error LNK2019: símbolo externo "public: static struct cv::Ptr<class cv::ml::KNearest> __cdecl cv::ml::KNearest::create(void)" (?create@KNearest@ml@cv@@SA?AU?$Ptr@VKNearest@ml@cv@@@3@XZ) sin resolver al que se hace referencia en la función _main
c:\Users\facundo suarez\documents\visual studio 2017\Projects\Sudoku2\Debug\Sudoku2.exe : fatal error LNK1120: 38 externos sin resolver
